<?xml version="1.0" encoding="UTF-8"?>
<testng-results ignored="0" total="1" passed="1" failed="0" skipped="0">
  <reporter-output>
  </reporter-output>
  <suite started-at="2020-12-14T18:43:36 IST" name="Default suite" finished-at="2020-12-14T18:43:39 IST" duration-ms="3734">
    <groups>
    </groups>
    <test started-at="2020-12-14T18:43:36 IST" name="Default test" finished-at="2020-12-14T18:43:39 IST" duration-ms="3734">
      <class name="com.rest.api.XML.GetResponseXML">
        <test-method signature="getResponseXML()[pri:0, instance:com.rest.api.XML.GetResponseXML@3e6ef8ad]" started-at="2020-12-14T18:43:36 IST" name="getResponseXML" finished-at="2020-12-14T18:43:39 IST" duration-ms="3672" status="PASS">
          <reporter-output>
          </reporter-output>
        </test-method> <!-- getResponseXML -->
      </class> <!-- com.rest.api.XML.GetResponseXML -->
    </test> <!-- Default test -->
  </suite> <!-- Default suite -->
</testng-results>
